# JRE version: OpenJDK Runtime Environment (15.0.2+7) (build 15.0.2+7-27)
# Java VM: OpenJDK 64-Bit Server VM (15.0.2+7-27, mixed mode, tiered, compressed oops, g1 gc, windows-amd64)
GC Precious Log:
 CPUs: 4 total, 4 available
 Memory: 3526M
 Large Page Support: Disabled
 NUMA Support: Disabled
 Compressed Oops: Enabled (32-bit)
 Heap Region Size: 1M
 Heap Min Capacity: 8M
 Heap Initial Capacity: 56M
 Heap Max Capacity: 882M
 Pre-touch: Disabled
 Parallel Workers: 4
 Concurrent Workers: 1
 Concurrent Refinement Workers: 4
 Periodic GC: Disabled
Heap:
 garbage-first heap   total 46080K, used 31007K [0x00000000c8e00000, 0x0000000100000000)
  region size 1024K, 8 young (8192K), 2 survivors (2048K)
 Metaspace       used 57895K, capacity 58287K, committed 58416K, reserved 1099776K
  class space    used 7139K, capacity 7264K, committed 7296K, reserved 1048576K
GC Heap History (20 events):
Event: 16.706 GC heap before
{Heap before GC invocations=24 (full 0):
 garbage-first heap   total 35840K, used 26179K [0x00000000c8e00000, 0x0000000100000000)
  region size 1024K, 10 young (10240K), 2 survivors (2048K)
 Metaspace       used 43917K, capacity 44340K, committed 44592K, reserved 1089536K
  class space    used 5280K, capacity 5418K, committed 5504K, reserved 1048576K
}
Event: 16.709 GC heap after
{Heap after GC invocations=25 (full 0):
 garbage-first heap   total 35840K, used 19514K [0x00000000c8e00000, 0x0000000100000000)
  region size 1024K, 2 young (2048K), 2 survivors (2048K)
 Metaspace       used 43917K, capacity 44340K, committed 44592K, reserved 1089536K
  class space    used 5280K, capacity 5418K, committed 5504K, reserved 1048576K
}
Event: 19.238 GC heap before
{Heap before GC invocations=25 (full 0):
 garbage-first heap   total 35840K, used 28730K [0x00000000c8e00000, 0x0000000100000000)
  region size 1024K, 11 young (11264K), 2 survivors (2048K)
 Metaspace       used 46394K, capacity 46787K, committed 46896K, reserved 1091584K
  class space    used 5543K, capacity 5677K, committed 5760K, reserved 1048576K
}
Event: 19.242 GC heap after
{Heap after GC invocations=26 (full 0):
 garbage-first heap   total 35840K, used 20566K [0x00000000c8e00000, 0x0000000100000000)
  region size 1024K, 2 young (2048K), 2 survivors (2048K)
 Metaspace       used 46394K, capacity 46787K, committed 46896K, reserved 1091584K
  class space    used 5543K, capacity 5677K, committed 5760K, reserved 1048576K
}
Event: 19.693 GC heap before
{Heap before GC invocations=27 (full 0):
 garbage-first heap   total 37888K, used 26710K [0x00000000c8e00000, 0x0000000100000000)
  region size 1024K, 9 young (9216K), 2 survivors (2048K)
 Metaspace       used 48151K, capacity 48547K, committed 48688K, reserved 1091584K
  class space    used 5779K, capacity 5901K, committed 6016K, reserved 1048576K
}
Event: 19.697 GC heap after
{Heap after GC invocations=28 (full 0):
 garbage-first heap   total 37888K, used 21006K [0x00000000c8e00000, 0x0000000100000000)
  region size 1024K, 1 young (1024K), 1 survivors (1024K)
 Metaspace       used 48151K, capacity 48547K, committed 48688K, reserved 1091584K
  class space    used 5779K, capacity 5901K, committed 6016K, reserved 1048576K
}
Event: 20.184 GC heap before
{Heap before GC invocations=28 (full 0):
 garbage-first heap   total 37888K, used 29198K [0x00000000c8e00000, 0x0000000100000000)
  region size 1024K, 9 young (9216K), 1 survivors (1024K)
 Metaspace       used 50444K, capacity 50822K, committed 50992K, reserved 1093632K
  class space    used 6041K, capacity 6190K, committed 6272K, reserved 1048576K
}
Event: 20.187 GC heap after
{Heap after GC invocations=29 (full 0):
 garbage-first heap   total 37888K, used 21397K [0x00000000c8e00000, 0x0000000100000000)
  region size 1024K, 1 young (1024K), 1 survivors (1024K)
 Metaspace       used 50444K, capacity 50822K, committed 50992K, reserved 1093632K
  class space    used 6041K, capacity 6190K, committed 6272K, reserved 1048576K
}
Event: 20.689 GC heap before
{Heap before GC invocations=30 (full 0):
 garbage-first heap   total 39936K, used 29589K [0x00000000c8e00000, 0x0000000100000000)
  region size 1024K, 9 young (9216K), 1 survivors (1024K)
 Metaspace       used 52150K, capacity 52565K, committed 52784K, reserved 1095680K
  class space    used 6387K, capacity 6514K, committed 6528K, reserved 1048576K
}
Event: 20.692 GC heap after
{Heap after GC invocations=31 (full 0):
 garbage-first heap   total 39936K, used 21874K [0x00000000c8e00000, 0x0000000100000000)
  region size 1024K, 2 young (2048K), 2 survivors (2048K)
 Metaspace       used 52150K, capacity 52565K, committed 52784K, reserved 1095680K
  class space    used 6387K, capacity 6514K, committed 6528K, reserved 1048576K
}
Event: 21.177 GC heap before
{Heap before GC invocations=31 (full 0):
 garbage-first heap   total 39936K, used 31090K [0x00000000c8e00000, 0x0000000100000000)
  region size 1024K, 11 young (11264K), 2 survivors (2048K)
 Metaspace       used 53859K, capacity 54241K, committed 54320K, reserved 1097728K
  class space    used 6641K, capacity 6774K, committed 6784K, reserved 1048576K
}
Event: 21.183 GC heap after
{Heap after GC invocations=32 (full 0):
 garbage-first heap   total 39936K, used 22468K [0x00000000c8e00000, 0x0000000100000000)
  region size 1024K, 2 young (2048K), 2 survivors (2048K)
 Metaspace       used 53859K, capacity 54241K, committed 54320K, reserved 1097728K
  class space    used 6641K, capacity 6774K, committed 6784K, reserved 1048576K
}
Event: 21.625 GC heap before
{Heap before GC invocations=33 (full 0):
 garbage-first heap   total 40960K, used 30660K [0x00000000c8e00000, 0x0000000100000000)
  region size 1024K, 11 young (11264K), 2 survivors (2048K)
 Metaspace       used 55172K, capacity 55585K, committed 55728K, reserved 1097728K
  class space    used 6772K, capacity 6902K, committed 6912K, reserved 1048576K
}
Event: 21.630 GC heap after
{Heap after GC invocations=34 (full 0):
 garbage-first heap   total 40960K, used 23367K [0x00000000c8e00000, 0x0000000100000000)
  region size 1024K, 2 young (2048K), 2 survivors (2048K)
 Metaspace       used 55172K, capacity 55585K, committed 55728K, reserved 1097728K
  class space    used 6772K, capacity 6902K, committed 6912K, reserved 1048576K
}
Event: 22.010 GC heap before
{Heap before GC invocations=34 (full 0):
 garbage-first heap   total 40960K, used 32583K [0x00000000c8e00000, 0x0000000100000000)
  region size 1024K, 11 young (11264K), 2 survivors (2048K)
 Metaspace       used 56308K, capacity 56740K, committed 57008K, reserved 1099776K
  class space    used 6950K, capacity 7095K, committed 7168K, reserved 1048576K
}
Event: 22.018 GC heap after
{Heap after GC invocations=35 (full 0):
 garbage-first heap   total 40960K, used 23937K [0x00000000c8e00000, 0x0000000100000000)
  region size 1024K, 2 young (2048K), 2 survivors (2048K)
 Metaspace       used 56308K, capacity 56740K, committed 57008K, reserved 1099776K
  class space    used 6950K, capacity 7095K, committed 7168K, reserved 1048576K
}
Event: 22.530 GC heap before
{Heap before GC invocations=36 (full 0):
 garbage-first heap   total 45056K, used 32129K [0x00000000c8e00000, 0x0000000100000000)
  region size 1024K, 10 young (10240K), 2 survivors (2048K)
 Metaspace       used 57173K, capacity 57610K, committed 57904K, reserved 1099776K
  class space    used 7058K, capacity 7193K, committed 7296K, reserved 1048576K
}
Event: 22.534 GC heap after
{Heap after GC invocations=37 (full 0):
 garbage-first heap   total 45056K, used 24634K [0x00000000c8e00000, 0x0000000100000000)
  region size 1024K, 2 young (2048K), 2 survivors (2048K)
 Metaspace       used 57173K, capacity 57610K, committed 57904K, reserved 1099776K
  class space    used 7058K, capacity 7193K, committed 7296K, reserved 1048576K
}
Event: 23.202 GC heap before
{Heap before GC invocations=37 (full 0):
 garbage-first heap   total 45056K, used 35898K [0x00000000c8e00000, 0x0000000100000000)
  region size 1024K, 13 young (13312K), 2 survivors (2048K)
 Metaspace       used 57748K, capacity 58159K, committed 58416K, reserved 1099776K
  class space    used 7126K, capacity 7264K, committed 7296K, reserved 1048576K
}
Event: 23.206 GC heap after
{Heap after GC invocations=38 (full 0):
 garbage-first heap   total 45056K, used 25887K [0x00000000c8e00000, 0x0000000100000000)
  region size 1024K, 2 young (2048K), 2 survivors (2048K)
 Metaspace       used 57748K, capacity 58159K, committed 58416K, reserved 1099776K
  class space    used 7126K, capacity 7264K, committed 7296K, reserved 1048576K
}

